SF:src\GameDataManager.jl
DA:1,32
LH:1
LF:1
end_of_record
SF:src\_startup.jl
DA:2,0
DA:3,0
DA:4,0
DA:5,0
DA:8,0
DA:9,0
DA:10,0
DA:12,0
DA:13,0
DA:18,0
DA:19,0
DA:21,0
DA:23,0
DA:24,0
DA:25,0
DA:26,0
DA:27,0
DA:28,0
DA:30,0
DA:36,0
LH:0
LF:20
end_of_record
SF:src\balancing\balancing.jl
DA:1,4
DA:26,0
DA:27,2
DA:28,1
DA:30,1
DA:31,0
DA:32,0
DA:48,0
DA:52,0
DA:60,0
DA:61,0
DA:62,0
DA:64,0
DA:68,0
DA:71,0
DA:73,0
DA:74,0
DA:75,0
DA:78,0
DA:79,0
DA:80,0
DA:81,0
DA:82,0
DA:84,0
DA:86,0
DA:88,0
DA:97,0
DA:98,0
DA:100,0
DA:101,0
DA:102,0
DA:104,0
DA:105,0
DA:107,0
DA:109,0
DA:121,0
DA:122,0
DA:124,0
DA:126,0
DA:128,0
DA:129,0
DA:130,0
DA:133,0
DA:134,0
DA:135,0
DA:136,0
DA:137,0
DA:138,0
DA:140,0
DA:144,0
DA:145,0
DA:146,0
DA:148,0
DA:149,0
DA:150,0
DA:151,0
DA:152,0
DA:154,0
DA:156,0
DA:157,0
DA:158,0
DA:159,0
DA:160,0
DA:161,0
DA:162,0
DA:163,0
DA:164,0
DA:167,0
DA:170,0
DA:173,0
DA:175,0
DA:183,0
DA:184,0
DA:196,0
DA:197,0
DA:199,0
DA:200,0
DA:202,0
LH:4
LF:78
end_of_record
SF:src\balancing\delivery.jl
DA:5,0
DA:6,0
DA:7,0
DA:20,0
DA:21,0
DA:23,0
DA:24,0
DA:25,0
DA:26,0
DA:28,0
DA:40,0
DA:41,0
DA:45,0
DA:46,0
DA:47,0
DA:50,0
DA:51,0
DA:52,0
DA:53,0
DA:54,0
DA:55,0
DA:56,0
DA:58,0
DA:59,0
DA:60,0
DA:61,0
DA:63,0
DA:65,0
DA:68,0
DA:69,0
DA:70,0
DA:72,0
DA:73,0
DA:74,0
DA:78,0
DA:88,0
DA:89,0
DA:90,0
DA:91,0
DA:92,0
DA:93,0
DA:94,0
DA:96,0
DA:97,0
DA:98,0
DA:100,0
DA:101,0
DA:104,0
DA:115,0
DA:116,0
DA:117,0
LH:0
LF:51
end_of_record
SF:src\balancing\production.jl
DA:17,2236
DA:18,2236
DA:19,2236
DA:20,2236
DA:22,2236
DA:29,2089
DA:30,2089
DA:32,2089
DA:34,2089
DA:37,1824
DA:38,10
DA:40,1814
DA:41,0
DA:43,1814
DA:46,0
DA:47,0
DA:51,10
DA:52,10
DA:53,10
DA:54,10
DA:55,10
DA:56,10
DA:58,0
DA:59,0
DA:60,0
DA:62,0
DA:70,7544
DA:83,4633
DA:84,2819
DA:85,2819
DA:87,1814
DA:88,1814
DA:89,1814
DA:90,0
DA:91,0
DA:95,4633
DA:98,2382
DA:99,2382
DA:101,2382
DA:102,7184
DA:103,3592
DA:104,5644
DA:107,2382
DA:116,1041
DA:118,904
DA:119,1671
DA:120,1077
DA:121,0
DA:123,2154
DA:124,1077
DA:126,904
DA:129,431
DA:131,431
DA:132,862
DA:133,767
DA:134,767
DA:135,1534
DA:137,431
DA:145,0
DA:147,0
DA:154,0
DA:156,0
DA:158,0
DA:159,0
DA:160,0
DA:161,0
DA:162,0
DA:165,0
DA:167,0
DA:168,0
DA:180,0
DA:181,0
DA:182,0
DA:184,0
DA:186,0
DA:187,0
DA:194,0
DA:195,0
DA:197,0
DA:199,0
DA:209,293
DA:210,293
DA:212,147
DA:213,147
DA:215,147
DA:216,147
DA:217,633570
DA:219,633423
DA:221,147
DA:222,147
DA:224,147
DA:225,633423
DA:226,633423
DA:227,1266699
DA:230,633423
DA:231,147
DA:233,147
DA:234,147
DA:235,20
DA:238,147
DA:240,0
DA:241,0
DA:242,0
DA:243,0
DA:245,0
DA:246,0
DA:247,0
DA:248,0
DA:249,0
DA:251,0
DA:261,0
DA:262,0
DA:263,0
DA:264,0
DA:266,0
DA:267,0
DA:268,0
DA:269,0
DA:271,0
DA:278,0
DA:279,0
DA:280,0
DA:282,0
DA:290,0
DA:291,0
DA:299,0
DA:300,0
DA:301,0
DA:303,0
DA:305,0
DA:307,0
DA:309,0
DA:310,0
DA:311,0
DA:314,0
DA:315,0
DA:316,0
DA:317,0
DA:319,0
DA:320,0
DA:322,0
DA:323,0
DA:324,0
DA:325,0
DA:328,0
DA:330,0
DA:338,0
DA:339,0
DA:340,0
DA:342,0
DA:343,0
LH:68
LF:151
end_of_record
SF:src\exporter\actionlog.jl
DA:2,88
DA:3,88
DA:5,88
DA:6,88
DA:7,0
DA:12,0
DA:13,0
DA:16,88
DA:20,14234
DA:21,14234
DA:23,14234
DA:24,14234
DA:26,0
DA:30,0
DA:34,0
DA:35,0
DA:37,0
DA:40,14234
DA:44,7827
DA:45,7827
DA:47,7827
DA:51,4429
DA:52,4429
DA:54,4429
DA:65,0
DA:67,0
DA:69,0
DA:73,1
DA:75,0
DA:76,0
DA:78,0
DA:79,0
DA:80,0
DA:81,0
DA:85,15459
DA:86,0
DA:88,7745
DA:89,7745
DA:91,15490
DA:92,7745
DA:93,7711
DA:94,0
DA:95,0
DA:97,7711
DA:98,7709
DA:99,7709
DA:101,2
DA:102,2
DA:105,7747
DA:108,0
DA:110,2139
DA:111,2139
DA:114,2139
DA:115,2139
DA:116,2211
DA:117,4422
DA:118,28422
DA:119,28422
DA:120,54633
DA:122,4350
DA:126,2139
DA:127,2139
DA:128,4278
DA:129,2211
DA:136,7745
DA:138,7745
DA:144,0
DA:145,0
DA:147,0
DA:148,0
DA:150,0
DA:151,0
DA:152,0
DA:153,0
DA:156,0
DA:158,0
DA:159,0
DA:161,0
DA:165,3
DA:167,3
DA:168,0
DA:170,3
DA:171,3
DA:174,3
DA:176,3
DA:177,3
DA:181,82
DA:182,82
LH:54
LF:88
end_of_record
SF:src\exporter\ink.jl
DA:10,0
DA:11,0
DA:12,0
DA:14,0
DA:16,0
DA:18,0
DA:21,0
DA:22,0
DA:24,0
DA:25,0
DA:27,0
DA:28,0
DA:29,0
DA:30,0
DA:31,0
DA:32,0
DA:37,0
DA:38,0
DA:39,0
DA:40,0
DA:41,0
DA:42,0
DA:43,0
DA:47,0
DA:48,0
DA:49,0
DA:51,0
DA:52,0
DA:54,0
DA:57,0
DA:58,0
DA:60,0
DA:61,0
DA:62,0
DA:63,0
DA:64,0
DA:65,0
DA:70,0
DA:71,0
DA:73,0
DA:74,0
DA:76,0
DA:78,0
DA:79,0
DA:80,0
DA:81,0
DA:82,0
DA:83,0
DA:85,0
DA:86,0
DA:90,0
DA:91,0
DA:93,0
LH:0
LF:53
end_of_record
SF:src\exporter\report.jl
DA:9,0
DA:10,0
DA:11,0
DA:12,0
DA:14,0
DA:16,0
DA:18,0
DA:19,0
DA:20,0
DA:21,0
DA:22,0
DA:24,0
DA:25,0
DA:26,0
DA:27,0
DA:28,0
DA:29,0
DA:31,0
DA:32,0
DA:34,0
DA:35,0
DA:36,0
DA:38,0
DA:39,0
DA:42,0
DA:48,0
DA:63,5
DA:65,2
DA:67,2
DA:68,8
DA:70,0
DA:73,2
DA:74,2
DA:75,274
DA:77,4766
DA:78,4766
DA:80,0
DA:82,4766
DA:86,2
DA:87,1
DA:88,1
DA:89,1
DA:90,2
DA:92,1
DA:93,1259600
DA:94,268
DA:95,4967
DA:97,268
DA:100,1
DA:101,1
DA:103,1
DA:108,274
DA:109,274
DA:110,274
DA:111,274
DA:112,24125
DA:114,0
DA:116,274
DA:121,4
DA:123,4
DA:124,2
DA:125,0
DA:128,2
DA:138,5
DA:140,2
DA:141,2
DA:142,16
DA:143,16
DA:144,538
DA:145,538
DA:146,538
DA:147,538
DA:148,538
DA:150,538
DA:155,2
DA:156,0
DA:159,2
DA:160,4
DA:161,538
DA:162,538
DA:163,18796
DA:164,2298
DA:166,9936
DA:170,2
DA:171,1
DA:173,1
DA:174,1
DA:175,1149
DA:176,1149
DA:177,1149
DA:180,1
DA:183,1
DA:185,1
DA:194,0
DA:195,0
DA:196,0
DA:198,0
DA:199,0
DA:201,0
DA:202,0
DA:203,0
DA:204,0
DA:205,0
DA:206,0
DA:209,0
DA:213,0
LH:62
LF:106
end_of_record
SF:src\exporter\writer.jl
DA:2,0
DA:3,0
DA:5,0
DA:6,0
DA:7,0
DA:9,0
DA:11,0
DA:12,0
DA:13,0
DA:15,0
DA:18,0
DA:23,1
DA:25,1
DA:26,1
DA:27,0
DA:29,0
DA:32,0
DA:33,0
DA:36,0
DA:37,0
DA:38,0
DA:40,0
DA:43,0
DA:45,0
DA:46,0
DA:49,0
DA:51,0
DA:66,1
DA:68,0
DA:69,0
DA:70,0
DA:72,0
DA:81,0
DA:82,0
DA:83,0
DA:84,0
DA:86,0
DA:87,0
DA:88,0
DA:89,0
DA:91,0
DA:93,0
DA:94,0
DA:96,0
DA:98,0
DA:107,0
DA:108,0
DA:110,0
DA:111,0
DA:112,0
DA:114,0
DA:115,0
DA:116,0
DA:118,0
DA:119,0
DA:120,0
DA:121,0
DA:123,0
DA:124,0
DA:137,0
DA:138,0
DA:139,0
DA:141,0
DA:143,0
DA:144,0
DA:145,0
DA:146,0
DA:147,0
DA:148,0
DA:151,0
DA:153,0
DA:154,0
DA:160,0
DA:163,0
DA:165,0
DA:167,0
DA:169,0
DA:171,0
DA:173,0
DA:174,0
DA:176,0
DA:177,0
DA:179,0
DA:180,0
DA:183,0
DA:184,0
DA:186,0
DA:191,0
DA:193,0
DA:194,0
DA:195,0
DA:197,0
LH:4
LF:92
end_of_record
SF:src\init.jl
DA:10,6
DA:11,0
DA:13,3
DA:15,3
DA:16,3
DA:18,3
DA:19,3
DA:22,3
DA:24,1
DA:33,0
DA:35,0
DA:45,3
DA:46,573
DA:47,573
DA:48,72
DA:50,573
DA:55,3
DA:56,6
DA:57,6
DA:58,138
DA:59,138
DA:60,138
DA:61,579
DA:64,6
DA:66,3
DA:67,6
DA:68,6
DA:69,6
DA:71,3
DA:72,3
DA:76,3
DA:78,3
DA:79,3
DA:80,3
DA:82,3
DA:84,3
DA:89,3
DA:91,57
DA:95,45
DA:101,3
DA:102,0
DA:117,3
DA:118,0
DA:129,3
DA:130,0
DA:131,0
DA:132,0
DA:134,0
DA:136,3
DA:138,3
LH:41
LF:50
end_of_record
SF:src\loader.jl
DA:3,14481
DA:4,9885
DA:5,9885
DA:7,19770
DA:8,1
DA:9,0
DA:11,9885
DA:14,2297
DA:15,2296
DA:16,2296
DA:17,2296
DA:18,1
DA:19,1
DA:21,1
DA:23,1
DA:24,1
DA:25,0
DA:26,1
DA:30,0
DA:31,0
DA:32,0
DA:33,0
DA:34,0
DA:35,0
DA:39,1
DA:41,0
DA:44,12181
DA:48,4
DA:52,4
DA:53,2
DA:54,2
DA:55,1
DA:57,1
DA:58,1
DA:67,4239
DA:68,4235
DA:70,4
DA:74,2098
DA:76,2098
DA:77,2098
DA:79,0
DA:87,1
DA:89,1
DA:90,36
DA:91,82
DA:92,82
DA:93,1
DA:94,82
DA:99,1
DA:109,2211
DA:110,2211
DA:111,2211
DA:112,0
DA:115,2211
LH:43
LF:54
end_of_record
SF:src\localizer.jl
DA:10,0
DA:12,0
DA:13,0
DA:15,0
DA:17,0
DA:18,0
DA:19,0
DA:20,0
DA:21,0
DA:23,0
DA:26,0
DA:29,0
DA:30,0
DA:31,0
DA:32,0
DA:35,0
LH:0
LF:16
end_of_record
SF:src\setup.jl
DA:1,0
DA:2,0
DA:3,0
DA:9,0
DA:10,0
DA:11,0
DA:12,0
DA:13,0
DA:15,0
DA:16,0
DA:32,0
DA:42,3
DA:43,6
DA:44,0
DA:48,0
DA:50,6
DA:52,3
DA:53,3
DA:56,3
DA:58,3
DA:60,3
DA:61,3
DA:64,6
DA:65,0
DA:69,0
DA:70,0
DA:72,6
DA:73,3
DA:75,6
DA:76,3
DA:78,3
DA:83,0
DA:84,0
DA:85,0
DA:87,0
DA:88,0
DA:89,0
DA:90,0
DA:91,0
DA:93,0
DA:94,0
DA:95,0
DA:103,0
DA:104,0
DA:109,3
DA:111,3
DA:113,3
DA:114,3
DA:115,0
DA:116,0
DA:119,3
DA:122,15
DA:124,15
DA:126,15
DA:127,15
DA:128,15
DA:130,15
DA:138,15
LH:27
LF:58
end_of_record
SF:src\tables.jl
DA:14,20762
DA:15,0
DA:17,9842
DA:34,2139
DA:38,2139
DA:39,2139
DA:41,2139
DA:42,4196
DA:44,2139
DA:45,2139
DA:47,2139
DA:53,29490
DA:55,9842
DA:56,9842
DA:57,7745
DA:60,9842
DA:61,0
DA:62,0
DA:63,0
DA:65,0
DA:67,9842
DA:68,9842
DA:70,9842
DA:71,2139
DA:72,2139
DA:74,7703
DA:78,9842
DA:82,0
DA:84,0
DA:85,0
DA:86,0
DA:88,0
DA:92,2139
DA:93,2139
DA:94,2139
DA:95,2218
DA:96,2218
DA:97,0
DA:98,0
DA:102,2139
DA:103,2139
DA:104,2218
DA:105,2218
DA:106,2211
DA:107,2211
DA:110,4278
DA:111,2139
DA:115,2211
DA:119,2211
DA:121,2211
DA:126,0
DA:127,0
DA:129,0
DA:130,0
DA:133,0
DA:134,0
DA:135,0
DA:137,0
DA:140,0
DA:141,0
DA:143,0
DA:146,0
DA:147,0
DA:149,0
DA:150,0
DA:152,0
DA:166,0
DA:168,0
DA:169,0
DA:171,0
DA:172,0
DA:174,0
DA:176,0
DA:178,0
DA:181,9804
DA:183,0
DA:184,0
DA:186,0
DA:187,0
DA:188,0
DA:190,0
DA:191,0
DA:192,0
DA:194,0
DA:195,0
DA:196,0
DA:199,0
DA:200,0
DA:201,0
DA:203,0
DA:204,0
DA:205,0
DA:206,0
DA:207,0
DA:208,0
DA:209,0
DA:228,0
DA:230,0
DA:236,11726
DA:237,5863
DA:238,5863
DA:241,5863
DA:243,11725
DA:244,1
DA:245,5862
DA:246,0
DA:248,5862
DA:250,5863
DA:253,0
DA:254,1148004
LH:49
LF:110
end_of_record
SF:src\util.jl
DA:2,49595
DA:3,2297
DA:4,7712
DA:7,2
DA:9,2
DA:13,17
DA:15,16
DA:16,156
DA:20,78
DA:21,78
DA:22,148
DA:24,8
DA:28,1
DA:29,1
DA:30,0
DA:32,0
DA:36,0
DA:37,0
DA:40,2
DA:41,4
DA:42,2
DA:46,3
DA:47,3
DA:49,3
DA:50,3
DA:54,6
DA:55,0
DA:57,3
DA:58,3
DA:59,6
DA:60,1
DA:61,46
DA:63,0
DA:64,0
DA:66,46
DA:67,1
DA:71,2
DA:73,2
DA:76,0
DA:77,0
DA:78,0
DA:79,0
DA:80,0
DA:82,0
DA:85,0
DA:87,0
DA:90,0
DA:91,0
DA:94,0
DA:97,0
DA:98,0
DA:99,0
DA:101,0
DA:103,0
DA:105,0
DA:106,0
DA:107,0
DA:109,0
DA:110,0
DA:111,0
DA:112,0
DA:113,0
DA:114,0
DA:116,0
DA:118,0
DA:121,0
DA:122,0
DA:123,0
DA:137,12
DA:138,0
DA:139,0
DA:140,0
DA:143,0
DA:147,6
DA:148,0
DA:149,0
DA:150,0
DA:151,0
DA:152,0
DA:154,0
DA:158,6
DA:162,2
DA:163,2
DA:164,16
DA:165,14
DA:169,2
LH:39
LF:86
end_of_record
SF:src\validator\inkvalidator.jl
DA:11,0
DA:12,0
DA:13,0
DA:15,0
DA:18,0
DA:19,0
DA:22,0
DA:23,0
DA:24,0
DA:25,0
DA:27,0
DA:30,0
DA:31,0
DA:33,0
DA:35,0
DA:36,0
DA:39,0
DA:40,0
DA:41,0
DA:42,0
DA:43,0
DA:45,0
DA:46,0
DA:47,0
DA:48,0
DA:50,0
DA:52,0
DA:54,0
DA:65,0
DA:66,0
DA:67,0
DA:70,0
DA:72,0
DA:75,0
DA:76,0
DA:77,0
DA:79,0
DA:80,0
DA:82,0
DA:83,0
DA:85,0
DA:87,0
DA:88,0
DA:91,0
DA:92,0
DA:95,0
DA:96,0
DA:99,0
LH:0
LF:48
end_of_record
SF:src\validator\schema.jl
DA:9,2097
DA:12,1
DA:13,1
DA:14,1
DA:15,1
DA:25,0
DA:26,0
DA:29,0
DA:30,0
DA:33,0
DA:35,0
DA:36,0
DA:37,0
DA:38,0
DA:39,0
DA:44,0
DA:47,2116
DA:49,2116
DA:50,4232
DA:51,310239
DA:52,310247
DA:53,56
DA:54,0
DA:55,0
DA:56,0
DA:59,8
DA:61,308131
DA:64,2116
DA:68,2098
DA:69,2098
DA:71,2098
DA:72,2116
DA:73,2116
DA:74,2100
DA:77,2098
DA:81,10
DA:82,2
DA:84,2
DA:85,2
DA:86,8
DA:87,8
DA:88,8
DA:92,10
DA:93,12
DA:94,12
DA:96,2
DA:97,2
DA:102,2
DA:104,2
DA:105,3
DA:106,1
DA:108,1
DA:109,1
DA:111,0
DA:113,1
DA:114,0
DA:117,2
DA:122,2
DA:123,4
DA:125,2
DA:126,2
DA:129,2
DA:130,2
DA:131,1
DA:133,1
DA:137,2
DA:138,4
DA:139,4
DA:140,4
DA:141,0
DA:143,2
DA:144,2
DA:145,0
DA:146,0
DA:147,0
DA:148,0
DA:149,0
DA:150,0
DA:152,0
DA:155,0
DA:156,0
DA:158,2
DA:162,2
DA:166,2116
DA:167,2116
DA:168,2116
DA:169,2100
DA:172,2100
DA:174,16
DA:176,2116
DA:177,2116
DA:181,3
DA:182,3
DA:183,3
DA:187,8
DA:190,4
DA:191,0
DA:194,4
DA:195,4
DA:197,4
DA:198,80
DA:199,160
DA:201,160
DA:202,160
DA:203,0
DA:204,0
DA:205,0
DA:206,0
DA:209,0
DA:210,0
DA:211,0
DA:212,0
DA:213,0
DA:214,0
DA:215,0
DA:217,0
DA:218,0
DA:220,0
DA:223,0
DA:224,0
DA:225,0
DA:229,4
DA:230,0
DA:231,0
DA:233,0
DA:239,0
DA:240,0
DA:242,0
DA:244,0
DA:246,0
DA:247,0
DA:251,4
DA:260,5
DA:261,4
DA:264,4
DA:265,4
DA:266,4
DA:267,0
DA:269,0
DA:271,0
DA:272,0
DA:273,0
DA:274,0
DA:275,0
DA:276,0
DA:277,0
DA:278,0
DA:280,0
DA:281,0
DA:282,0
DA:284,0
DA:285,0
DA:286,0
DA:288,0
DA:289,0
DA:290,0
DA:292,0
DA:293,0
DA:296,0
DA:298,0
DA:299,0
DA:300,0
DA:303,0
DA:304,0
DA:305,0
DA:306,0
DA:307,0
DA:309,0
DA:311,0
DA:312,0
DA:315,0
DA:316,0
DA:321,0
DA:324,0
DA:329,0
DA:335,0
DA:337,4
DA:341,1
DA:342,1
DA:344,1
DA:345,0
DA:348,2
DA:349,0
DA:350,0
DA:352,0
DA:362,0
DA:364,0
DA:366,1
LH:90
LF:188
end_of_record
SF:src\xlsxprocess\rewardtablefile.jl
DA:7,0
DA:8,0
DA:9,0
DA:12,0
DA:13,0
DA:14,0
DA:15,0
DA:16,0
DA:17,0
DA:20,0
DA:21,0
DA:22,0
DA:23,0
DA:24,0
DA:25,0
DA:29,0
DA:31,0
DA:35,0
DA:37,0
DA:38,0
DA:39,0
DA:40,0
DA:43,0
DA:44,0
DA:46,0
DA:49,0
LH:0
LF:26
end_of_record
SF:src\xlsxprocess\xlsxprocess.jl
DA:8,0
DA:21,0
DA:22,0
DA:24,0
DA:25,0
DA:26,0
DA:27,0
DA:28,0
DA:31,0
DA:38,0
DA:40,0
DA:41,0
DA:42,0
DA:44,0
DA:45,0
DA:46,0
DA:47,0
DA:50,0
DA:53,0
DA:54,0
DA:55,0
DA:58,0
DA:73,0
DA:74,0
DA:81,0
DA:82,0
DA:83,0
DA:84,0
DA:85,0
DA:86,0
DA:87,0
DA:88,0
DA:95,0
DA:103,0
DA:104,0
DA:105,0
DA:106,0
DA:108,0
DA:115,0
DA:116,0
DA:118,0
DA:121,0
DA:122,0
DA:123,0
DA:124,0
DA:125,0
DA:131,0
DA:139,0
DA:140,0
DA:141,0
DA:142,0
DA:145,0
DA:153,0
DA:154,0
DA:155,0
DA:156,0
DA:157,0
DA:158,0
DA:159,0
DA:160,0
DA:162,0
DA:164,0
DA:165,0
DA:166,0
DA:167,0
DA:168,0
DA:169,0
DA:172,0
DA:180,0
DA:181,0
DA:182,0
DA:183,0
DA:184,0
DA:187,0
DA:188,0
DA:190,0
DA:192,0
DA:193,0
DA:194,0
DA:195,0
DA:196,0
DA:199,0
DA:200,0
DA:202,0
DA:205,0
DA:206,0
DA:208,0
DA:211,0
DA:212,0
DA:213,0
DA:215,0
DA:217,0
DA:218,0
DA:220,0
DA:223,0
DA:224,0
DA:225,0
DA:228,0
DA:229,0
DA:230,0
DA:231,0
DA:233,0
DA:234,0
DA:237,0
LH:0
LF:104
end_of_record
