SF:src\GameDataManager.jl
DA:1,16
LH:1
LF:1
end_of_record
SF:src\_startup.jl
DA:2,0
DA:3,0
DA:4,0
DA:5,0
DA:8,0
DA:9,0
DA:10,0
DA:12,0
DA:13,0
DA:18,0
DA:19,0
DA:21,0
DA:23,0
DA:24,0
DA:25,0
DA:26,0
DA:27,0
DA:28,0
DA:30,0
DA:36,0
LH:0
LF:20
end_of_record
SF:src\balancing\balancing.jl
DA:1,2
DA:26,0
DA:27,2
DA:28,1
DA:30,1
DA:31,0
DA:32,0
DA:48,0
DA:52,0
DA:60,0
DA:61,0
DA:62,0
DA:64,0
DA:68,0
DA:71,0
DA:73,0
DA:74,0
DA:75,0
DA:78,0
DA:79,0
DA:80,0
DA:81,0
DA:82,0
DA:84,0
DA:86,0
DA:88,0
DA:97,0
DA:98,0
DA:100,0
DA:101,0
DA:102,0
DA:104,0
DA:105,0
DA:107,0
DA:109,0
DA:121,0
DA:122,0
DA:124,0
DA:126,0
DA:128,0
DA:129,0
DA:130,0
DA:133,0
DA:134,0
DA:135,0
DA:136,0
DA:137,0
DA:138,0
DA:140,0
DA:144,0
DA:145,0
DA:146,0
DA:148,0
DA:149,0
DA:150,0
DA:151,0
DA:152,0
DA:154,0
DA:156,0
DA:157,0
DA:158,0
DA:159,0
DA:160,0
DA:161,0
DA:162,0
DA:163,0
DA:164,0
DA:167,0
DA:170,0
DA:173,0
DA:175,0
DA:183,0
DA:184,0
DA:194,0
DA:195,0
DA:197,0
DA:199,0
DA:200,0
DA:201,0
DA:202,0
DA:207,0
DA:208,0
DA:209,0
DA:210,0
DA:211,0
DA:213,0
DA:216,0
DA:229,0
DA:230,0
DA:232,0
DA:233,0
DA:235,0
LH:4
LF:92
end_of_record
SF:src\balancing\delivery.jl
DA:4,0
DA:5,0
DA:18,0
DA:19,0
DA:22,0
DA:23,0
DA:31,0
DA:32,0
DA:33,0
DA:34,0
DA:35,0
DA:36,0
DA:37,0
DA:38,0
DA:39,0
DA:40,0
DA:41,0
DA:42,0
DA:44,0
DA:45,0
DA:46,0
DA:50,0
DA:51,0
DA:59,0
DA:61,0
DA:62,0
DA:63,0
DA:64,0
DA:66,0
DA:67,0
DA:68,0
DA:70,0
DA:71,0
DA:74,0
DA:77,0
DA:79,0
DA:80,0
DA:83,0
DA:84,0
DA:88,0
DA:90,0
DA:105,0
DA:106,0
DA:107,0
DA:108,0
DA:110,0
DA:111,0
DA:112,0
DA:114,0
DA:117,0
DA:121,130
DA:122,65
DA:123,4567
DA:124,65
DA:126,65
DA:128,4567
DA:129,65
DA:130,65
DA:132,4502
DA:133,4502
DA:136,65
LH:11
LF:61
end_of_record
SF:src\balancing\production.jl
DA:17,2231
DA:18,2231
DA:19,2231
DA:20,2231
DA:22,2231
DA:29,2084
DA:30,2084
DA:32,2084
DA:34,2084
DA:37,1819
DA:38,10
DA:40,1809
DA:41,0
DA:43,1809
DA:46,0
DA:47,0
DA:51,10
DA:52,10
DA:53,10
DA:54,10
DA:55,10
DA:56,10
DA:58,0
DA:59,0
DA:60,0
DA:62,0
DA:70,7524
DA:82,4618
DA:83,2809
DA:84,2809
DA:86,1809
DA:87,1809
DA:88,1809
DA:89,0
DA:90,0
DA:94,4618
DA:97,2377
DA:98,2377
DA:100,2377
DA:101,7154
DA:102,3577
DA:103,5619
DA:106,2377
DA:114,1041
DA:116,904
DA:117,1671
DA:118,1077
DA:119,0
DA:121,2154
DA:122,1077
DA:124,904
DA:127,431
DA:129,431
DA:130,862
DA:131,767
DA:132,767
DA:133,1534
DA:135,431
DA:143,0
DA:145,0
DA:147,0
DA:148,0
DA:149,0
DA:150,0
DA:151,0
DA:154,0
DA:156,0
DA:157,0
DA:169,0
DA:170,0
DA:171,0
DA:173,0
DA:175,0
DA:176,0
DA:183,0
DA:184,0
DA:186,0
DA:188,0
DA:198,440
DA:199,293
DA:201,147
DA:202,147
DA:204,147
DA:205,147
DA:206,633570
DA:208,633423
DA:210,147
DA:211,147
DA:213,147
DA:214,633423
DA:215,633423
DA:216,1266699
DA:219,633423
DA:220,147
DA:222,147
DA:223,147
DA:224,10
DA:227,147
DA:229,0
DA:230,0
DA:231,0
DA:232,0
DA:234,0
DA:235,0
DA:236,0
DA:237,0
DA:238,0
DA:240,0
DA:250,0
DA:251,0
DA:252,0
DA:253,0
DA:255,0
DA:256,0
DA:257,0
DA:258,0
DA:260,0
DA:267,0
DA:268,0
DA:269,0
DA:271,0
DA:279,0
DA:280,0
DA:288,0
DA:289,0
DA:290,0
DA:292,0
DA:294,0
DA:296,0
DA:298,0
DA:299,0
DA:300,0
DA:303,0
DA:304,0
DA:305,0
DA:306,0
DA:308,0
DA:309,0
DA:311,0
DA:312,0
DA:313,0
DA:314,0
DA:317,0
DA:319,0
DA:327,0
DA:328,130
DA:329,9620
DA:331,65
DA:332,65
LH:72
LF:149
end_of_record
SF:src\exporter\actionlog.jl
DA:2,43
DA:3,43
DA:5,43
DA:6,43
DA:7,0
DA:12,0
DA:13,0
DA:16,43
DA:20,15338
DA:21,15338
DA:23,15338
DA:24,15338
DA:26,0
DA:30,0
DA:34,0
DA:35,0
DA:37,0
DA:40,15338
DA:44,7998
DA:45,7998
DA:47,7998
DA:51,5264
DA:52,5264
DA:54,5264
DA:65,0
DA:67,0
DA:69,0
DA:73,1
DA:75,0
DA:76,0
DA:78,0
DA:79,0
DA:80,0
DA:81,0
DA:85,15881
DA:86,0
DA:88,7957
DA:89,7957
DA:91,15914
DA:92,7957
DA:93,7922
DA:94,0
DA:95,0
DA:97,7922
DA:98,7921
DA:99,7921
DA:101,1
DA:102,1
DA:105,7958
DA:108,0
DA:110,2377
DA:111,2377
DA:114,2377
DA:115,2377
DA:116,2627
DA:117,5254
DA:118,34402
DA:119,34402
DA:120,66177
DA:122,5004
DA:126,2377
DA:127,2377
DA:128,4754
DA:129,2627
DA:136,7957
DA:138,7957
DA:144,0
DA:145,0
DA:147,0
DA:148,0
DA:150,0
DA:151,0
DA:152,0
DA:153,0
DA:156,0
DA:158,0
DA:159,0
DA:161,0
DA:165,1
DA:167,1
DA:168,0
DA:170,1
DA:171,1
DA:174,1
DA:176,1
DA:177,1
DA:181,41
DA:182,41
LH:54
LF:88
end_of_record
SF:src\exporter\ink.jl
DA:10,0
DA:11,0
DA:12,0
DA:14,0
DA:16,0
DA:18,0
DA:21,0
DA:22,0
DA:24,0
DA:25,0
DA:27,0
DA:28,0
DA:29,0
DA:30,0
DA:31,0
DA:32,0
DA:37,0
DA:38,0
DA:39,0
DA:40,0
DA:41,0
DA:42,0
DA:43,0
DA:47,0
DA:48,0
DA:49,0
DA:51,0
DA:52,0
DA:54,0
DA:57,0
DA:58,0
DA:60,0
DA:61,0
DA:62,0
DA:63,0
DA:64,0
DA:65,0
DA:70,0
DA:71,0
DA:73,0
DA:74,0
DA:76,0
DA:78,0
DA:79,0
DA:80,0
DA:81,0
DA:82,0
DA:83,0
DA:85,0
DA:86,0
DA:90,0
DA:91,0
DA:93,0
LH:0
LF:53
end_of_record
SF:src\exporter\report.jl
DA:9,0
DA:10,0
DA:11,0
DA:12,0
DA:14,0
DA:16,0
DA:18,0
DA:19,0
DA:20,0
DA:21,0
DA:22,0
DA:24,0
DA:25,0
DA:26,0
DA:27,0
DA:28,0
DA:29,0
DA:31,0
DA:32,0
DA:34,0
DA:35,0
DA:36,0
DA:38,0
DA:39,0
DA:42,0
DA:48,0
DA:61,5
DA:62,2
DA:63,12
DA:64,8
DA:65,116
DA:69,2
DA:70,1
DA:71,1
DA:72,2
DA:73,58
DA:74,58
DA:75,63
DA:76,5289
DA:77,101
DA:78,1320
DA:79,2640
DA:81,101
DA:94,1
DA:95,1
DA:97,1
DA:107,232
DA:108,116
DA:109,8216
DA:110,116
DA:111,116
DA:114,116
DA:116,116
DA:118,116
DA:119,464
DA:121,0
DA:123,116
DA:124,126
DA:125,202
DA:126,1194
DA:128,2640
DA:129,2640
DA:131,0
DA:133,2746
DA:137,116
DA:138,0
DA:139,0
DA:151,0
DA:152,0
DA:154,116
DA:160,808
DA:161,404
DA:162,404
DA:163,404
DA:164,404
DA:165,17444
DA:167,0
DA:168,0
DA:170,404
DA:180,5
DA:182,2
DA:183,2
DA:184,12
DA:185,12
DA:186,468
DA:187,468
DA:188,468
DA:189,468
DA:190,468
DA:192,468
DA:197,2
DA:198,0
DA:201,2
DA:202,4
DA:203,468
DA:204,468
DA:205,18124
DA:206,2176
DA:208,9530
DA:212,2
DA:213,1
DA:215,1
DA:216,1
DA:217,1088
DA:218,1088
DA:219,1088
DA:222,1
DA:225,1
DA:227,1
DA:236,0
DA:237,0
DA:238,0
DA:240,0
DA:241,0
DA:243,0
DA:244,0
DA:245,0
DA:246,0
DA:247,0
DA:248,0
DA:251,0
DA:255,0
LH:74
LF:122
end_of_record
SF:src\exporter\writer.jl
DA:2,0
DA:3,0
DA:5,0
DA:6,0
DA:7,0
DA:9,0
DA:11,0
DA:12,0
DA:13,0
DA:15,0
DA:18,0
DA:21,0
DA:23,0
DA:25,0
DA:26,0
DA:27,0
DA:29,0
DA:32,0
DA:33,0
DA:36,0
DA:37,0
DA:38,0
DA:40,0
DA:43,0
DA:45,0
DA:46,0
DA:49,0
DA:51,0
DA:65,0
DA:66,0
DA:68,0
DA:69,0
DA:70,0
DA:72,0
DA:81,0
DA:82,0
DA:83,0
DA:84,0
DA:86,0
DA:87,0
DA:88,0
DA:89,0
DA:91,0
DA:93,0
DA:94,0
DA:96,0
DA:98,0
DA:106,0
DA:107,0
DA:108,0
DA:110,0
DA:111,0
DA:112,0
DA:114,0
DA:115,0
DA:116,0
DA:118,0
DA:119,0
DA:120,0
DA:121,0
DA:123,0
DA:124,0
DA:137,0
DA:138,0
DA:139,0
DA:141,0
DA:143,0
DA:144,0
DA:145,0
DA:146,0
DA:147,0
DA:148,0
DA:151,0
DA:153,0
DA:154,0
DA:160,0
DA:163,0
DA:165,0
DA:167,0
DA:169,0
DA:171,0
DA:173,0
DA:174,0
DA:176,0
DA:177,0
DA:179,0
DA:180,0
DA:183,0
DA:184,0
DA:186,0
DA:191,0
DA:193,0
DA:194,0
DA:195,0
DA:197,0
LH:0
LF:95
end_of_record
SF:src\init.jl
DA:10,2
DA:11,0
DA:13,1
DA:15,1
DA:16,1
DA:18,1
DA:19,1
DA:22,1
DA:24,1
DA:33,0
DA:35,0
DA:45,1
DA:46,192
DA:47,192
DA:48,24
DA:50,192
DA:55,1
DA:56,2
DA:57,2
DA:58,46
DA:59,46
DA:60,46
DA:61,194
DA:64,2
DA:66,1
DA:67,2
DA:68,2
DA:69,2
DA:71,1
DA:72,1
DA:76,1
DA:78,1
DA:79,1
DA:80,1
DA:82,1
DA:84,1
DA:89,1
DA:91,19
DA:95,15
DA:101,1
DA:102,0
DA:117,1
DA:118,0
DA:129,1
DA:130,0
DA:131,0
DA:132,0
DA:134,0
DA:136,1
DA:138,1
LH:41
LF:50
end_of_record
SF:src\loader.jl
DA:3,15674
DA:4,10334
DA:5,10334
DA:7,20668
DA:8,0
DA:9,0
DA:11,10334
DA:14,2669
DA:15,2669
DA:16,2669
DA:17,2669
DA:18,0
DA:19,0
DA:21,0
DA:22,0
DA:24,0
DA:25,0
DA:26,0
DA:27,0
DA:28,0
DA:32,0
DA:34,0
DA:37,13003
DA:40,0
DA:41,0
DA:44,0
DA:45,0
DA:46,0
DA:47,0
DA:48,0
DA:50,0
DA:51,0
DA:60,4716
DA:61,4714
DA:63,2
DA:67,2338
DA:69,2338
DA:70,2338
DA:72,0
DA:79,0
DA:80,0
DA:82,0
DA:83,0
DA:84,0
DA:85,0
DA:86,0
DA:87,0
DA:92,0
DA:102,2627
DA:103,2627
DA:104,2627
DA:105,0
DA:108,2627
LH:20
LF:53
end_of_record
SF:src\localizer.jl
DA:10,0
DA:12,0
DA:13,0
DA:15,0
DA:17,0
DA:18,0
DA:19,0
DA:20,0
DA:21,0
DA:23,0
DA:26,0
DA:29,0
DA:30,0
DA:31,0
DA:32,0
DA:35,0
LH:0
LF:16
end_of_record
SF:src\setup.jl
DA:1,0
DA:2,0
DA:3,0
DA:9,0
DA:10,0
DA:11,0
DA:12,0
DA:13,0
DA:15,0
DA:16,0
DA:32,0
DA:42,1
DA:43,2
DA:44,0
DA:48,0
DA:50,2
DA:52,1
DA:53,1
DA:56,1
DA:58,1
DA:60,1
DA:61,1
DA:64,2
DA:65,0
DA:69,0
DA:70,0
DA:72,2
DA:73,1
DA:75,2
DA:76,1
DA:78,1
DA:83,0
DA:84,0
DA:85,0
DA:87,0
DA:88,0
DA:89,0
DA:90,0
DA:91,0
DA:93,0
DA:94,0
DA:95,0
DA:104,0
DA:105,0
DA:109,0
DA:110,0
DA:112,0
DA:114,0
DA:115,0
DA:116,0
DA:117,0
DA:120,0
DA:123,6
DA:125,6
DA:127,6
DA:128,6
DA:129,6
DA:131,6
DA:139,6
LH:22
LF:59
end_of_record
SF:src\tables.jl
DA:14,21721
DA:15,0
DA:17,10228
DA:34,2377
DA:38,2377
DA:39,2377
DA:41,2377
DA:42,4676
DA:44,2377
DA:45,2377
DA:47,2377
DA:53,30648
DA:55,10228
DA:56,10228
DA:57,7957
DA:60,10228
DA:61,0
DA:62,0
DA:63,0
DA:65,0
DA:67,10228
DA:68,10228
DA:70,10228
DA:71,2377
DA:72,2377
DA:74,7851
DA:78,10228
DA:82,0
DA:84,0
DA:85,0
DA:86,0
DA:88,0
DA:92,2377
DA:93,2377
DA:94,2377
DA:95,2637
DA:96,2637
DA:97,0
DA:98,0
DA:102,2377
DA:103,2377
DA:104,2637
DA:105,2637
DA:106,2627
DA:107,2627
DA:110,4754
DA:111,2377
DA:115,2627
DA:119,2627
DA:121,2627
DA:126,0
DA:127,0
DA:129,0
DA:130,0
DA:133,0
DA:134,0
DA:135,0
DA:137,0
DA:140,0
DA:141,0
DA:143,0
DA:146,0
DA:147,0
DA:149,0
DA:150,0
DA:152,0
DA:166,0
DA:168,0
DA:169,0
DA:171,0
DA:172,0
DA:174,0
DA:176,0
DA:178,0
DA:181,10188
DA:183,0
DA:184,0
DA:186,0
DA:187,0
DA:188,0
DA:190,0
DA:191,0
DA:192,0
DA:194,0
DA:195,0
DA:196,0
DA:199,0
DA:200,0
DA:201,0
DA:203,0
DA:204,0
DA:205,0
DA:206,0
DA:207,0
DA:208,0
DA:209,0
DA:228,0
DA:230,0
DA:236,11976
DA:237,8239
DA:238,8239
DA:241,8239
DA:243,16477
DA:244,1
DA:245,8238
DA:246,0
DA:248,8238
DA:250,8239
DA:253,0
DA:254,917814
LH:49
LF:110
end_of_record
SF:src\util.jl
DA:2,51976
DA:3,2669
DA:4,7922
DA:7,2
DA:9,2
DA:13,8
DA:15,8
DA:16,58
DA:20,29
DA:21,29
DA:22,54
DA:24,4
DA:27,0
DA:28,0
DA:29,0
DA:30,0
DA:32,0
DA:36,0
DA:37,0
DA:40,2
DA:41,2
DA:42,2
DA:46,3
DA:47,3
DA:49,3
DA:50,3
DA:53,0
DA:54,0
DA:55,0
DA:57,0
DA:58,0
DA:59,0
DA:60,0
DA:61,0
DA:63,0
DA:64,0
DA:66,0
DA:67,0
DA:71,0
DA:73,0
DA:76,0
DA:77,0
DA:78,0
DA:79,0
DA:80,0
DA:82,0
DA:85,0
DA:87,0
DA:90,0
DA:91,0
DA:94,0
DA:97,0
DA:98,0
DA:99,0
DA:101,0
DA:103,0
DA:105,0
DA:106,0
DA:107,0
DA:109,0
DA:110,0
DA:111,0
DA:112,0
DA:113,0
DA:114,0
DA:116,0
DA:118,0
DA:121,0
DA:122,0
DA:123,0
DA:137,4
DA:138,0
DA:139,0
DA:140,0
DA:143,0
DA:147,2
DA:148,0
DA:149,0
DA:150,0
DA:151,0
DA:152,0
DA:154,0
DA:158,2
LH:22
LF:83
end_of_record
SF:src\validator\inkvalidator.jl
DA:11,0
DA:12,0
DA:13,0
DA:15,0
DA:18,0
DA:19,0
DA:23,0
DA:24,0
DA:25,0
DA:26,0
DA:28,0
DA:31,0
DA:32,0
DA:34,0
DA:36,0
DA:37,0
DA:40,0
DA:41,0
DA:42,0
DA:43,0
DA:44,0
DA:46,0
DA:47,0
DA:48,0
DA:49,0
DA:51,0
DA:53,0
DA:55,0
DA:66,0
DA:67,0
DA:68,0
DA:71,0
DA:73,0
DA:76,0
DA:77,0
DA:78,0
DA:80,0
DA:81,0
DA:83,0
DA:84,0
DA:86,0
DA:88,0
DA:89,0
DA:92,0
DA:93,0
DA:96,0
DA:97,0
DA:100,0
LH:0
LF:48
end_of_record
SF:src\validator\schema.jl
DA:9,2337
DA:12,1
DA:13,1
DA:14,1
DA:15,1
DA:25,0
DA:26,0
DA:29,0
DA:30,0
DA:33,0
DA:35,0
DA:36,0
DA:37,0
DA:38,0
DA:39,0
DA:44,0
DA:47,2536
DA:49,2536
DA:50,5072
DA:51,335370
DA:52,335376
DA:53,30
DA:54,0
DA:55,0
DA:56,0
DA:59,6
DA:61,332840
DA:64,2536
DA:68,2338
DA:69,2338
DA:71,2338
DA:72,2536
DA:73,2536
DA:74,2339
DA:77,2338
DA:81,7
DA:82,1
DA:84,1
DA:85,1
DA:86,6
DA:87,6
DA:88,6
DA:92,7
DA:93,8
DA:94,8
DA:96,1
DA:97,1
DA:102,1
DA:104,1
DA:105,2
DA:106,1
DA:108,0
DA:109,0
DA:111,0
DA:113,0
DA:114,0
DA:117,1
DA:122,1
DA:123,2
DA:125,1
DA:126,1
DA:129,1
DA:130,1
DA:131,1
DA:133,0
DA:137,1
DA:138,2
DA:139,2
DA:140,2
DA:141,0
DA:143,1
DA:144,1
DA:145,0
DA:146,0
DA:147,0
DA:148,0
DA:149,0
DA:150,0
DA:152,0
DA:155,0
DA:156,0
DA:158,1
DA:162,1
DA:166,2536
DA:167,2536
DA:168,2536
DA:169,2503
DA:172,2503
DA:174,33
DA:176,2536
DA:177,2536
DA:181,1
DA:182,1
DA:183,1
DA:187,4
DA:190,2
DA:191,0
DA:194,2
DA:195,2
DA:197,2
DA:198,40
DA:199,80
DA:201,80
DA:202,80
DA:203,0
DA:204,0
DA:205,0
DA:206,0
DA:209,0
DA:210,0
DA:211,0
DA:212,0
DA:213,0
DA:214,0
DA:215,0
DA:217,0
DA:218,0
DA:220,0
DA:223,0
DA:224,0
DA:225,0
DA:229,2
DA:230,0
DA:231,0
DA:233,0
DA:239,0
DA:240,0
DA:242,0
DA:244,0
DA:246,0
DA:247,0
DA:251,2
DA:260,3
DA:261,2
DA:264,2
DA:265,2
DA:266,2
DA:267,0
DA:269,0
DA:271,0
DA:272,0
DA:273,0
DA:274,0
DA:275,0
DA:276,0
DA:277,0
DA:278,0
DA:280,0
DA:281,0
DA:282,0
DA:284,0
DA:285,0
DA:286,0
DA:288,0
DA:289,0
DA:290,0
DA:292,0
DA:293,0
DA:296,0
DA:298,0
DA:299,0
DA:300,0
DA:303,0
DA:304,0
DA:305,0
DA:306,0
DA:307,0
DA:309,0
DA:311,0
DA:312,0
DA:315,0
DA:316,0
DA:321,0
DA:324,0
DA:329,0
DA:335,0
DA:337,2
DA:341,1
DA:342,1
DA:344,1
DA:345,0
DA:348,2
DA:349,0
DA:350,0
DA:352,0
DA:362,0
DA:364,0
DA:366,1
LH:86
LF:188
end_of_record
SF:src\xlsxprocess\rewardtablefile.jl
DA:7,0
DA:8,0
DA:9,0
DA:12,0
DA:13,0
DA:14,0
DA:15,0
DA:16,0
DA:17,0
DA:20,0
DA:21,0
DA:22,0
DA:23,0
DA:24,0
DA:25,0
DA:29,0
DA:31,0
DA:35,0
DA:37,0
DA:38,0
DA:39,0
DA:40,0
DA:43,0
DA:44,0
DA:46,0
DA:49,0
LH:0
LF:26
end_of_record
SF:src\xlsxprocess\xlsxprocess.jl
DA:8,0
DA:21,0
DA:22,0
DA:24,0
DA:25,0
DA:26,0
DA:27,0
DA:28,0
DA:31,0
DA:38,0
DA:40,0
DA:41,0
DA:42,0
DA:43,0
DA:44,0
DA:45,0
DA:46,0
DA:49,0
DA:52,0
DA:53,0
DA:54,0
DA:57,0
DA:71,0
DA:72,0
DA:74,0
DA:75,0
DA:82,0
DA:83,0
DA:84,0
DA:85,0
DA:86,0
DA:87,0
DA:88,0
DA:89,0
DA:96,0
DA:104,0
DA:105,0
DA:106,0
DA:107,0
DA:109,0
DA:116,0
DA:117,0
DA:119,0
DA:122,0
DA:123,0
DA:124,0
DA:125,0
DA:126,0
DA:132,0
DA:140,0
DA:141,0
DA:142,0
DA:143,0
DA:146,0
DA:154,0
DA:155,0
DA:156,0
DA:157,0
DA:158,0
DA:159,0
DA:160,0
DA:161,0
DA:163,0
DA:165,0
DA:166,0
DA:167,0
DA:168,0
DA:169,0
DA:170,0
DA:173,0
DA:181,0
DA:182,0
DA:183,0
DA:184,0
DA:185,0
DA:188,0
DA:189,0
DA:191,0
DA:193,0
DA:194,0
DA:195,0
DA:196,0
DA:197,0
DA:200,0
DA:201,0
DA:203,0
DA:206,0
DA:207,0
DA:209,0
DA:212,0
DA:213,0
DA:214,0
DA:216,0
DA:218,0
DA:219,0
DA:221,0
DA:224,0
DA:225,0
DA:226,0
DA:229,0
DA:230,0
DA:231,0
DA:232,0
DA:234,0
DA:235,0
DA:238,0
LH:0
LF:106
end_of_record
